[21:33:52.108 Verbose] - BuildManager - C:\Users\antonio\source\repos\Scheduler\.vs\Scheduler\v16\lut\0\i\Scheduler.TestProject\Debug\netcoreapp3.1\.NETCoreApp,Version=v3.1.AssemblyAttributes.cs(4,12): error CS0579: Atributo 'global::System.Runtime.Versioning.TargetFrameworkAttribute' duplicado
[21:33:52.108 Verbose] - BuildManager - C:\Users\antonio\source\repos\Scheduler\.vs\Scheduler\v16\lut\0\i\Scheduler.TestProject\Debug\netcoreapp3.1\Scheduler.TestProject.AssemblyInfo.cs(14,12): error CS0579: Atributo 'System.Reflection.AssemblyCompanyAttribute' duplicado
[21:33:52.108 Verbose] - BuildManager - C:\Users\antonio\source\repos\Scheduler\.vs\Scheduler\v16\lut\0\i\Scheduler.TestProject\Debug\netcoreapp3.1\Scheduler.TestProject.AssemblyInfo.cs(15,12): error CS0579: Atributo 'System.Reflection.AssemblyConfigurationAttribute' duplicado
[21:33:52.108 Verbose] - BuildManager - C:\Users\antonio\source\repos\Scheduler\.vs\Scheduler\v16\lut\0\i\Scheduler.TestProject\Debug\netcoreapp3.1\Scheduler.TestProject.AssemblyInfo.cs(16,12): error CS0579: Atributo 'System.Reflection.AssemblyFileVersionAttribute' duplicado
[21:33:52.108 Verbose] - BuildManager - C:\Users\antonio\source\repos\Scheduler\.vs\Scheduler\v16\lut\0\i\Scheduler.TestProject\Debug\netcoreapp3.1\Scheduler.TestProject.AssemblyInfo.cs(17,12): error CS0579: Atributo 'System.Reflection.AssemblyInformationalVersionAttribute' duplicado
[21:33:52.108 Verbose] - BuildManager - C:\Users\antonio\source\repos\Scheduler\.vs\Scheduler\v16\lut\0\i\Scheduler.TestProject\Debug\netcoreapp3.1\Scheduler.TestProject.AssemblyInfo.cs(18,12): error CS0579: Atributo 'System.Reflection.AssemblyProductAttribute' duplicado
[21:33:52.108 Verbose] - BuildManager - C:\Users\antonio\source\repos\Scheduler\.vs\Scheduler\v16\lut\0\i\Scheduler.TestProject\Debug\netcoreapp3.1\Scheduler.TestProject.AssemblyInfo.cs(19,12): error CS0579: Atributo 'System.Reflection.AssemblyTitleAttribute' duplicado
[21:33:52.108 Verbose] - BuildManager - C:\Users\antonio\source\repos\Scheduler\.vs\Scheduler\v16\lut\0\i\Scheduler.TestProject\Debug\netcoreapp3.1\Scheduler.TestProject.AssemblyInfo.cs(20,12): error CS0579: Atributo 'System.Reflection.AssemblyVersionAttribute' duplicado
[21:33:52.108 Verbose] - BuildManager - C:\Program Files (x86)\Microsoft Visual Studio\2019\Enterprise\MSBuild\Current\Bin\Roslyn\Microsoft.CSharp.Core.targets(71,5): error MSB4181: La tarea "Csc" devolvi贸 false, pero no registr贸 un error.
[21:33:52.112 Verbose] - BuildManager - Faltan algunas de las rutas de acceso de archivo definidas en csproj en la ruta de acceso de compilaci贸n de Live Unit Testing. Compruebe si estos archivos deben estar presentes en dicha ruta de acceso y, si es necesario, actualice la definici贸n de csproj para que los busque en otro lugar.
[21:33:52.112 Verbose] - BuildManager - Elemento _OutputPathItem "C:\Users\antonio\source\repos\Scheduler\.vs\Scheduler\v16\lut\0\b\Scheduler.TestProject\Debug\netcoreapp3.1\" evaluado mediante
_OutputPathItem: '$(OutDir)' @ C:\Program Files (x86)\Microsoft Visual Studio\2019\Enterprise\MSBuild\Current\Bin\Microsoft.Common.CurrentVersion.targets:309
  OutDir: '$(OutputPath)' @ C:\Program Files (x86)\Microsoft Visual Studio\2019\Enterprise\MSBuild\Current\Bin\Microsoft.Common.CurrentVersion.targets:227
    OutputPath: '$(OutputPath)$(TargetFramework.ToLowerInvariant())\' @ C:\Program Files\dotnet\sdk\5.0.401\Sdks\Microsoft.NET.Sdk\targets\Microsoft.NET.TargetFrameworkInference.targets:242
      OutputPath: '$(BaseOutputPath)$(Configuration)\' @ C:\Program Files\dotnet\sdk\5.0.401\Sdks\Microsoft.NET.Sdk\targets\Microsoft.NET.DefaultOutputPaths.targets:33
        BaseOutputPath: 'C:\Users\antonio\source\repos\Scheduler\.vs\Scheduler\v16\lut\0\b\Scheduler.TestProject\' @ C:\Users\antonio\source\repos\Scheduler\Scheduler.TestProject\Scheduler.TestProject.csproj:0
        Configuration: 'Debug'
[21:33:52.112 Verbose] - BuildManager - Elemento AppConfigFileDestination "C:\Users\antonio\source\repos\Scheduler\.vs\Scheduler\v16\lut\0\b\Scheduler.TestProject\Debug\netcoreapp3.1\Scheduler.TestProject.dll.config" evaluado mediante
AppConfigFileDestination: '$(OutDir)$(TargetFileName).config' @ C:\Program Files (x86)\Microsoft Visual Studio\2019\Enterprise\MSBuild\Current\Bin\Microsoft.Common.CurrentVersion.targets:337
  OutDir: '$(OutputPath)' @ C:\Program Files (x86)\Microsoft Visual Studio\2019\Enterprise\MSBuild\Current\Bin\Microsoft.Common.CurrentVersion.targets:227
    OutputPath: '$(OutputPath)$(TargetFramework.ToLowerInvariant())\' @ C:\Program Files\dotnet\sdk\5.0.401\Sdks\Microsoft.NET.Sdk\targets\Microsoft.NET.TargetFrameworkInference.targets:242
      OutputPath: '$(BaseOutputPath)$(Configuration)\' @ C:\Program Files\dotnet\sdk\5.0.401\Sdks\Microsoft.NET.Sdk\targets\Microsoft.NET.DefaultOutputPaths.targets:33
        BaseOutputPath: 'C:\Users\antonio\source\repos\Scheduler\.vs\Scheduler\v16\lut\0\b\Scheduler.TestProject\' @ C:\Users\antonio\source\repos\Scheduler\Scheduler.TestProject\Scheduler.TestProject.csproj:0
        Configuration: 'Debug'
  TargetFileName: '$(TargetName)$(TargetExt)' @ C:\Program Files (x86)\Microsoft Visual Studio\2019\Enterprise\MSBuild\Current\Bin\Microsoft.Common.CurrentVersion.targets:247
    TargetName: '$(AssemblyName)' @ C:\Program Files (x86)\Microsoft Visual Studio\2019\Enterprise\MSBuild\Current\Bin\Microsoft.Common.CurrentVersion.targets:239
      AssemblyName: '$(MSBuildProjectName)' @ C:\Program Files\dotnet\sdk\5.0.401\Sdks\Microsoft.NET.Sdk\targets\Microsoft.NET.Sdk.props:32
        MSBuildProjectName: 'Scheduler.TestProject'
    TargetExt: '.dll' @ C:\Program Files\dotnet\sdk\5.0.401\Sdks\Microsoft.NET.Sdk\targets\Microsoft.NET.Sdk.BeforeCommon.targets:99
[21:33:52.112 Verbose] - BuildManager - Elemento _DebugSymbolsOutputPath "C:\Users\antonio\source\repos\Scheduler\.vs\Scheduler\v16\lut\0\b\Scheduler.TestProject\Debug\netcoreapp3.1\Scheduler.TestProject.pdb" evaluado mediante
_DebugSymbolsOutputPath: '@(_DebugSymbolsIntermediatePath->'$(OutDir)%(Filename)%(Extension)')' @ C:\Program Files (x86)\Microsoft Visual Studio\2019\Enterprise\MSBuild\Current\Bin\Microsoft.Common.CurrentVersion.targets:403
  OutDir: '$(OutputPath)' @ C:\Program Files (x86)\Microsoft Visual Studio\2019\Enterprise\MSBuild\Current\Bin\Microsoft.Common.CurrentVersion.targets:227
    OutputPath: '$(OutputPath)$(TargetFramework.ToLowerInvariant())\' @ C:\Program Files\dotnet\sdk\5.0.401\Sdks\Microsoft.NET.Sdk\targets\Microsoft.NET.TargetFrameworkInference.targets:242
      OutputPath: '$(BaseOutputPath)$(Configuration)\' @ C:\Program Files\dotnet\sdk\5.0.401\Sdks\Microsoft.NET.Sdk\targets\Microsoft.NET.DefaultOutputPaths.targets:33
        BaseOutputPath: 'C:\Users\antonio\source\repos\Scheduler\.vs\Scheduler\v16\lut\0\b\Scheduler.TestProject\' @ C:\Users\antonio\source\repos\Scheduler\Scheduler.TestProject\Scheduler.TestProject.csproj:0
        Configuration: 'Debug'
[21:33:52.112 Verbose] - BuildManager - Elemento _ApplicationManifestFinal "C:\Users\antonio\source\repos\Scheduler\.vs\Scheduler\v16\lut\0\b\Scheduler.TestProject\Debug\netcoreapp3.1\Native.Scheduler.TestProject.manifest" evaluado mediante
_ApplicationManifestFinal: '$(OutDir)$(_DeploymentTargetApplicationManifestFileName)' @ C:\Program Files (x86)\Microsoft Visual Studio\2019\Enterprise\MSBuild\Current\Bin\Microsoft.Common.CurrentVersion.targets:441
  OutDir: '$(OutputPath)' @ C:\Program Files (x86)\Microsoft Visual Studio\2019\Enterprise\MSBuild\Current\Bin\Microsoft.Common.CurrentVersion.targets:227
    OutputPath: '$(OutputPath)$(TargetFramework.ToLowerInvariant())\' @ C:\Program Files\dotnet\sdk\5.0.401\Sdks\Microsoft.NET.Sdk\targets\Microsoft.NET.TargetFrameworkInference.targets:242
      OutputPath: '$(BaseOutputPath)$(Configuration)\' @ C:\Program Files\dotnet\sdk\5.0.401\Sdks\Microsoft.NET.Sdk\targets\Microsoft.NET.DefaultOutputPaths.targets:33
        BaseOutputPath: 'C:\Users\antonio\source\repos\Scheduler\.vs\Scheduler\v16\lut\0\b\Scheduler.TestProject\' @ C:\Users\antonio\source\repos\Scheduler\Scheduler.TestProject\Scheduler.TestProject.csproj:0
        Configuration: 'Debug'
  _DeploymentTargetApplicationManifestFileName: 'Native.$(AssemblyName).manifest' @ C:\Program Files (x86)\Microsoft Visual Studio\2019\Enterprise\MSBuild\Current\Bin\Microsoft.Common.CurrentVersion.targets:263
    AssemblyName: '$(MSBuildProjectName)' @ C:\Program Files\dotnet\sdk\5.0.401\Sdks\Microsoft.NET.Sdk\targets\Microsoft.NET.Sdk.props:32
      MSBuildProjectName: 'Scheduler.TestProject'
